[2021-04-28T08:51:53.571] [DEBUG] cheese - login => username:z,password:123456
[2021-04-28T08:51:53.572] [DEBUG] cheese - z
[2021-04-28T08:51:53.584] [DEBUG] cheese - null
[2021-04-28T08:51:53.585] [DEBUG] cheese - null
[2021-05-13T10:10:49.605] [DEBUG] cheese - login => username:zs11,password:12323123
[2021-05-13T10:10:49.607] [DEBUG] cheese - zs11
[2021-05-13T10:10:49.645] [DEBUG] cheese - null
[2021-05-13T10:10:49.645] [DEBUG] cheese - null
[2021-05-13T10:18:50.794] [DEBUG] cheese - login => username:zs11,password:123123123
[2021-05-13T10:18:50.794] [DEBUG] cheese - zs11
[2021-05-13T10:18:50.798] [DEBUG] cheese - null
[2021-05-13T10:18:50.799] [DEBUG] cheese - null
[2021-05-13T10:22:54.202] [DEBUG] cheese - login => username:zs12,password:123123
[2021-05-13T10:22:54.203] [DEBUG] cheese - zs12
[2021-05-13T10:22:54.204] [DEBUG] cheese - null
[2021-05-13T10:22:54.204] [DEBUG] cheese - null
[2021-05-13T10:23:05.529] [DEBUG] cheese - login => username:admin,password:123456
[2021-05-13T10:23:05.529] [DEBUG] cheese - admin
[2021-05-13T10:23:05.533] [DEBUG] cheese - null
[2021-05-13T10:23:05.533] [DEBUG] cheese - null
[2021-05-14T07:46:36.410] [DEBUG] cheese - login => username:admin,password:123456
[2021-05-14T07:46:36.410] [DEBUG] cheese - admin
[2021-05-14T07:46:36.415] [DEBUG] cheese - null
[2021-05-14T07:46:36.415] [DEBUG] cheese - null
[2021-05-14T07:53:56.617] [DEBUG] cheese - login => username:admin,password:123456
[2021-05-14T07:53:56.617] [DEBUG] cheese - admin
[2021-05-14T07:53:56.620] [DEBUG] cheese - null
[2021-05-14T07:53:56.620] [DEBUG] cheese - null
[2021-05-14T07:54:21.744] [DEBUG] cheese - login => username:admin,password:123456
[2021-05-14T07:54:21.744] [DEBUG] cheese - admin
[2021-05-14T07:54:21.747] [DEBUG] cheese - null
[2021-05-14T07:54:21.747] [DEBUG] cheese - null
[2021-05-14T08:40:17.899] [DEBUG] cheese - login => username:admin,password:123456
[2021-05-14T08:40:17.900] [DEBUG] cheese - admin
[2021-05-14T08:40:17.919] [DEBUG] cheese - null
[2021-05-14T08:40:17.919] [DEBUG] cheese - null
[2021-05-14T10:33:55.280] [DEBUG] cheese - login => username:admin,password:123456
[2021-05-14T10:33:55.281] [DEBUG] cheese - admin
[2021-05-14T10:33:55.292] [DEBUG] cheese - null
[2021-05-14T10:33:55.292] [DEBUG] cheese - null
